<?xml version="1.0" encoding="UTF-8"?>
<testng-results skipped="0" failed="0" total="1" passed="1">
  <reporter-output>
  </reporter-output>
  <suite name="Default suite" duration-ms="25915" started-at="2018-11-11T13:54:05Z" finished-at="2018-11-11T13:54:31Z">
    <groups>
    </groups>
    <test name="Default test" duration-ms="25915" started-at="2018-11-11T13:54:05Z" finished-at="2018-11-11T13:54:31Z">
      <class name="module1.Prog2">
        <test-method status="PASS" signature="startTest()[pri:0, instance:module1.Prog2@6093dd95]" name="startTest" is-config="true" duration-ms="11" started-at="2018-11-11T19:24:05Z" finished-at="2018-11-11T19:24:05Z">
          <reporter-output>
          </reporter-output>
        </test-method> <!-- startTest -->
        <test-method status="PASS" signature="init()[pri:0, instance:module1.Prog2@6093dd95]" name="init" is-config="true" duration-ms="7085" started-at="2018-11-11T19:24:05Z" finished-at="2018-11-11T19:24:12Z">
          <reporter-output>
          </reporter-output>
        </test-method> <!-- init -->
        <test-method status="PASS" signature="loginTest()[pri:0, instance:module1.Prog2@6093dd95]" name="loginTest" duration-ms="16397" started-at="2018-11-11T19:24:12Z" finished-at="2018-11-11T19:24:29Z">
          <reporter-output>
          </reporter-output>
        </test-method> <!-- loginTest -->
        <test-method status="PASS" signature="afterMethod()[pri:0, instance:module1.Prog2@6093dd95]" name="afterMethod" is-config="true" duration-ms="2399" started-at="2018-11-11T19:24:29Z" finished-at="2018-11-11T19:24:31Z">
          <reporter-output>
          </reporter-output>
        </test-method> <!-- afterMethod -->
      </class> <!-- module1.Prog2 -->
    </test> <!-- Default test -->
  </suite> <!-- Default suite -->
</testng-results>
