<?xml version="1.0" encoding="UTF-8"?>
<testng-results skipped="0" failed="0" total="2" passed="2">
  <reporter-output>
  </reporter-output>
  <suite name="Default suite" duration-ms="50327" started-at="2019-01-05T03:49:32Z" finished-at="2019-01-05T03:50:22Z">
    <groups>
    </groups>
    <test name="Default test" duration-ms="50327" started-at="2019-01-05T03:49:32Z" finished-at="2019-01-05T03:50:22Z">
      <class name="module1.Prog2">
        <test-method status="PASS" signature="startTest()[pri:0, instance:module1.Prog2@6d4b1c02]" name="startTest" is-config="true" duration-ms="20" started-at="2019-01-05T09:19:32Z" finished-at="2019-01-05T09:19:32Z">
          <reporter-output>
          </reporter-output>
        </test-method> <!-- startTest -->
        <test-method status="PASS" signature="init()[pri:0, instance:module1.Prog2@6d4b1c02]" name="init" is-config="true" duration-ms="4295" started-at="2019-01-05T09:19:32Z" finished-at="2019-01-05T09:19:36Z">
          <reporter-output>
          </reporter-output>
        </test-method> <!-- init -->
        <test-method status="PASS" signature="loginTest()[pri:-1, instance:module1.Prog2@6d4b1c02]" name="loginTest" duration-ms="34527" started-at="2019-01-05T09:19:36Z" finished-at="2019-01-05T09:20:11Z">
          <reporter-output>
          </reporter-output>
        </test-method> <!-- loginTest -->
        <test-method status="PASS" signature="afterMethod()[pri:0, instance:module1.Prog2@6d4b1c02]" name="afterMethod" is-config="true" duration-ms="2313" started-at="2019-01-05T09:20:11Z" finished-at="2019-01-05T09:20:13Z">
          <reporter-output>
          </reporter-output>
        </test-method> <!-- afterMethod -->
        <test-method status="PASS" signature="init()[pri:0, instance:module1.Prog2@6d4b1c02]" name="init" is-config="true" duration-ms="2245" started-at="2019-01-05T09:20:13Z" finished-at="2019-01-05T09:20:16Z">
          <reporter-output>
          </reporter-output>
        </test-method> <!-- init -->
        <test-method status="PASS" signature="createAccount()[pri:0, instance:module1.Prog2@6d4b1c02]" name="createAccount" duration-ms="4773" started-at="2019-01-05T09:20:16Z" finished-at="2019-01-05T09:20:20Z">
          <reporter-output>
          </reporter-output>
        </test-method> <!-- createAccount -->
        <test-method status="PASS" signature="afterMethod()[pri:0, instance:module1.Prog2@6d4b1c02]" name="afterMethod" is-config="true" duration-ms="2113" started-at="2019-01-05T09:20:20Z" finished-at="2019-01-05T09:20:22Z">
          <reporter-output>
          </reporter-output>
        </test-method> <!-- afterMethod -->
        <test-method status="PASS" signature="afterTest()[pri:0, instance:module1.Prog2@6d4b1c02]" name="afterTest" is-config="true" duration-ms="20" started-at="2019-01-05T09:20:22Z" finished-at="2019-01-05T09:20:22Z">
          <reporter-output>
          </reporter-output>
        </test-method> <!-- afterTest -->
      </class> <!-- module1.Prog2 -->
    </test> <!-- Default test -->
  </suite> <!-- Default suite -->
</testng-results>
